***  Installation Started 10/29/17 13:45  ***
Title: ICE v2.03 Setup Installation
Source: G:\StarCraft\MODs\tools\IceInstall.exe
Made Dir: G:\StarCraft\MODs\tools\ICE
File Copy: G:\StarCraft\MODs\tools\ICE\UNWISE.EXE
RegDB Key: Software\Microsoft\Windows\CurrentVersion\Uninstall\ICE v2.03 Setup
RegDB Val: ICE v2.03 Setup
RegDB Name: DisplayName
RegDB Root: 2
RegDB Key: Software\Microsoft\Windows\CurrentVersion\Uninstall\ICE v2.03 Setup
RegDB Val: G:\StarCraft\MODs\tools\ICE\UNWISE.EXE G:\StarCraft\MODs\tools\ICE\INSTALL.LOG
RegDB Name: UninstallString
RegDB Root: 2
File Copy: G:\StarCraft\MODs\tools\ICE\gstrm.dll
File Copy: G:\StarCraft\MODs\tools\ICE\Ice.dat
File Copy: G:\StarCraft\MODs\tools\ICE\Ice.exe
File Copy: G:\StarCraft\MODs\tools\ICE\Opcodes.ini
File Copy: G:\StarCraft\MODs\tools\ICE\Readme.doc
File Copy: G:\StarCraft\MODs\tools\ICE\stormi.dll
Made Dir: C:\Users\¿­\AppData\Roaming\Microsoft\Windows\Start Menu\Programs\Camelot Systems\ICE
Shell Link: C:\Users\¿­\AppData\Roaming\Microsoft\Windows\Start Menu\Programs\Camelot Systems\ICE\\Ice.lnk
Shell Link: C:\Users\¿­\AppData\Roaming\Microsoft\Windows\Start Menu\Programs\Camelot Systems\ICE\\Readme.lnk
File Tree: G:\StarCraft\MODs\tools\ICE\*.*
User Rights: Admin
