 %% PLEASE DO NOT MODIFY OR DELETE THIS FILE! %% 
 %% This file contains information about the installation of an application. %% 
 %% It will be used to automatically remove all application components from your computer if you choose to do so. %% 


NOTE: Beginning of the bootstrapper section

CONFIG: Title: "EXE to MPQ"

ACTION: RegKey: "HKEY_LOCAL_MACHINE\SOFTWARE\Microsoft\Windows\CurrentVersion", "SharedDLLs"

ACTION: SystemFile: "C:\WINDOWS\SYSTEM32\VB6STKIT.DLL"
(File currently on disk was already up to date)

ACTION: SystemFile: "C:\WINDOWS\SYSTEM32\COMCAT.DLL"
(File currently on disk was already up to date)

ACTION: SystemFile: "C:\WINDOWS\SYSTEM32\STDOLE2.TLB"
(File currently on disk was already up to date)

ACTION: SystemFile: "C:\WINDOWS\SYSTEM32\ASYCFILT.DLL"
(File currently on disk was already up to date)

ACTION: SystemFile: "C:\WINDOWS\SYSTEM32\OLEPRO32.DLL"
(File currently on disk was already up to date)

ACTION: SystemFile: "C:\WINDOWS\SYSTEM32\OLEAUT32.DLL"
(File currently on disk was already up to date)

ACTION: SystemFile: "C:\WINDOWS\SYSTEM32\msvbvm60.dll"
(File currently on disk was already up to date)

ACTION: DllSelfRegister: "C:\WINDOWS\SYSTEM32\COMCAT.DLL"

ACTION: TLBRegister: "C:\WINDOWS\SYSTEM32\STDOLE2.TLB"

ACTION: DllSelfRegister: "C:\WINDOWS\SYSTEM32\OLEPRO32.DLL"

ACTION: DllSelfRegister: "C:\WINDOWS\SYSTEM32\OLEAUT32.DLL"

ACTION: DllSelfRegister: "C:\WINDOWS\SYSTEM32\msvbvm60.dll"

NOTE: End of the bootstrapper section

NOTE: Now spawning the main Setup program 'Setup1.exe'....

ACTION: CreateDir: "c:\Program Files\Modding Tools\EXE to MPQ"

ACTION: PrivateFile: "C:\Program Files\Modding Tools\EXE to MPQ\Readme.txt"
(File was not found or was an older version -- new file copied)

ACTION: PrivateFile: "C:\Program Files\Modding Tools\EXE to MPQ\lmpqapi.dll"
(File was not found or was an older version -- new file copied)

ACTION: PrivateFile: "C:\Program Files\Modding Tools\EXE to MPQ\Storm.dll"
(File was not found or was an older version -- new file copied)

ACTION: PrivateFile: "C:\Program Files\Modding Tools\EXE to MPQ\staredit.exe"
(File was not found or was an older version -- new file copied)

ACTION: SharedFile: "C:\WINDOWS\SYSTEM32\comdlg32.ocx"
(File currently on disk was already up to date)

ACTION: PrivateFile: "C:\Program Files\Modding Tools\EXE to MPQ\MpqControl.ocx"
(File was not found or was an older version -- new file copied)

ACTION: PrivateFile: "C:\Program Files\Modding Tools\EXE to MPQ\zlib.dll"
(File was not found or was an older version -- new file copied)

ACTION: PrivateFile: "C:\Program Files\Modding Tools\EXE to MPQ\Exe2Mpq.exe"
(File was not found or was an older version -- new file copied)

ACTION: DllSelfRegister: "C:\WINDOWS\SYSTEM32\comdlg32.ocx"

ACTION: DllSelfRegister: "C:\Program Files\Modding Tools\EXE to MPQ\MpqControl.ocx"

ACTION: ShellLink: "modding tools", "EXE to MPQ"

ACTION: ShellLink: "modding tools", "Readme"

ACTION: RegKey: "HKEY_LOCAL_MACHINE\SOFTWARE\Microsoft\Windows\CurrentVersion", "App Paths\Exe2Mpq.exe"

ACTION: RegValue: "HKEY_LOCAL_MACHINE\SOFTWARE\Microsoft\Windows\CurrentVersion\App Paths\Exe2Mpq.exe", ""

